     1 00000000                                 [FORMAT "WCOFF"]
     2 00000000                                 [INSTRSET "i486p"]
     3 00000000                                 [OPTIMIZE 1]
     4 00000000                                 [OPTION 1]
     5 00000000                                 [BITS 32]
     6 00000000                                 	EXTERN	_init_gdtidt
     7 00000000                                 	EXTERN	_init_pic
     8 00000000                                 	EXTERN	_init_palette
     9 00000000                                 	EXTERN	_init_screen8
    10 00000000                                 	EXTERN	_sprintf
    11 00000000                                 	EXTERN	_putfont8_asc
    12 00000000                                 	EXTERN	_init_mouse_cursor8
    13 00000000                                 	EXTERN	_putblock8_8
    14 00000000                                 	EXTERN	_io_hlt
    15 00000000                                 [FILE "bootpack.c"]
    16                                          [SECTION .data]
    17 00000000                                 LC0:
    18 00000000 73 63 72 6E 78 20 3D 20 25 64   	DB	"scrnx = %d",0x00
       0000000A 00 
    19                                          [SECTION .text]
    20 00000000                                 	GLOBAL	_HariMain
    21 00000000                                 _HariMain:
    22 00000000 55                              	PUSH	EBP
    23 00000001 89 E5                           	MOV	EBP,ESP
    24 00000003 57                              	PUSH	EDI
    25 00000004 56                              	PUSH	ESI
    26 00000005 53                              	PUSH	EBX
    27 00000006 8D 5D C4                        	LEA	EBX,DWORD [-60+EBP]
    28 00000009 81 EC 00000130                  	SUB	ESP,304
    29 0000000F E8 [00000000]                   	CALL	_init_gdtidt
    30 00000014 E8 [00000000]                   	CALL	_init_pic
    31 00000019 E8 [00000000]                   	CALL	_init_palette
    32 0000001E 0F BF 05 00000FF6               	MOVSX	EAX,WORD [4086]
    33 00000025 50                              	PUSH	EAX
    34 00000026 0F BF 05 00000FF4               	MOVSX	EAX,WORD [4084]
    35 0000002D 50                              	PUSH	EAX
    36 0000002E FF 35 00000FF8                  	PUSH	DWORD [4088]
    37 00000034 E8 [00000000]                   	CALL	_init_screen8
    38 00000039 0F BF 05 00000FF4               	MOVSX	EAX,WORD [4084]
    39 00000040 50                              	PUSH	EAX
    40 00000041 68 [00000000]                   	PUSH	LC0
    41 00000046 53                              	PUSH	EBX
    42 00000047 E8 [00000000]                   	CALL	_sprintf
    43 0000004C 53                              	PUSH	EBX
    44 0000004D 6A 07                           	PUSH	7
    45 0000004F 8D 9D FFFFFEC4                  	LEA	EBX,DWORD [-316+EBP]
    46 00000055 6A 40                           	PUSH	64
    47 00000057 6A 10                           	PUSH	16
    48 00000059 0F BF 05 00000FF4               	MOVSX	EAX,WORD [4084]
    49 00000060 50                              	PUSH	EAX
    50 00000061 FF 35 00000FF8                  	PUSH	DWORD [4088]
    51 00000067 E8 [00000000]                   	CALL	_putfont8_asc
    52 0000006C 83 C4 30                        	ADD	ESP,48
    53 0000006F 0F BF 05 00000FF4               	MOVSX	EAX,WORD [4084]
    54 00000076 B9 00000002                     	MOV	ECX,2
    55 0000007B 8D 50 F0                        	LEA	EDX,DWORD [-16+EAX]
    56 0000007E 89 D0                           	MOV	EAX,EDX
    57 00000080 99                              	CDQ
    58 00000081 F7 F9                           	IDIV	ECX
    59 00000083 0F BF 15 00000FF6               	MOVSX	EDX,WORD [4086]
    60 0000008A 83 EA 2C                        	SUB	EDX,44
    61 0000008D 89 C7                           	MOV	EDI,EAX
    62 0000008F 89 D0                           	MOV	EAX,EDX
    63 00000091 6A 0E                           	PUSH	14
    64 00000093 99                              	CDQ
    65 00000094 F7 F9                           	IDIV	ECX
    66 00000096 53                              	PUSH	EBX
    67 00000097 89 C6                           	MOV	ESI,EAX
    68 00000099 E8 [00000000]                   	CALL	_init_mouse_cursor8
    69 0000009E 6A 10                           	PUSH	16
    70 000000A0 53                              	PUSH	EBX
    71 000000A1 56                              	PUSH	ESI
    72 000000A2 57                              	PUSH	EDI
    73 000000A3 6A 10                           	PUSH	16
    74 000000A5 6A 10                           	PUSH	16
    75 000000A7 0F BF 05 00000FF4               	MOVSX	EAX,WORD [4084]
    76 000000AE 50                              	PUSH	EAX
    77 000000AF FF 35 00000FF8                  	PUSH	DWORD [4088]
    78 000000B5 E8 [00000000]                   	CALL	_putblock8_8
    79 000000BA 83 C4 28                        	ADD	ESP,40
    80 000000BD                                 L2:
    81 000000BD E8 [00000000]                   	CALL	_io_hlt
    82 000000C2 EB F9                           	JMP	L2
