     1 00000000                                 [FORMAT "WCOFF"]
     2 00000000                                 [INSTRSET "i486p"]
     3 00000000                                 [OPTIMIZE 1]
     4 00000000                                 [OPTION 1]
     5 00000000                                 [BITS 32]
     6 00000000                                 	EXTERN	_io_hlt
     7 00000000                                 	EXTERN	_io_load_eflags
     8 00000000                                 	EXTERN	_io_cli
     9 00000000                                 	EXTERN	_io_out8
    10 00000000                                 	EXTERN	_io_store_eflags
    11 00000000                                 [FILE "bootpack.c"]
    12                                          [SECTION .text]
    13 00000000                                 	GLOBAL	_HariMain
    14 00000000                                 _HariMain:
    15 00000000 55                              	PUSH	EBP
    16 00000001 89 E5                           	MOV	EBP,ESP
    17 00000003 57                              	PUSH	EDI
    18 00000004 56                              	PUSH	ESI
    19 00000005 53                              	PUSH	EBX
    20 00000006 83 EC 14                        	SUB	ESP,20
    21 00000009 E8 000001D4                     	CALL	_init_palette
    22 0000000E A1 00000FF8                     	MOV	EAX,DWORD [4088]
    23 00000013 0F BF 1D 00000FF6               	MOVSX	EBX,WORD [4086]
    24 0000001A 89 45 F0                        	MOV	DWORD [-16+EBP],EAX
    25 0000001D 0F BF 05 00000FF4               	MOVSX	EAX,WORD [4084]
    26 00000024 89 45 EC                        	MOV	DWORD [-20+EBP],EAX
    27 00000027 8D 43 E3                        	LEA	EAX,DWORD [-29+EBX]
    28 0000002A 8B 7D EC                        	MOV	EDI,DWORD [-20+EBP]
    29 0000002D 50                              	PUSH	EAX
    30 0000002E 4F                              	DEC	EDI
    31 0000002F 57                              	PUSH	EDI
    32 00000030 6A 00                           	PUSH	0
    33 00000032 6A 00                           	PUSH	0
    34 00000034 6A 0E                           	PUSH	14
    35 00000036 FF 75 EC                        	PUSH	DWORD [-20+EBP]
    36 00000039 FF 75 F0                        	PUSH	DWORD [-16+EBP]
    37 0000003C E8 00000150                     	CALL	_boxfill8
    38 00000041 8D 43 E4                        	LEA	EAX,DWORD [-28+EBX]
    39 00000044 50                              	PUSH	EAX
    40 00000045 57                              	PUSH	EDI
    41 00000046 50                              	PUSH	EAX
    42 00000047 6A 00                           	PUSH	0
    43 00000049 6A 08                           	PUSH	8
    44 0000004B FF 75 EC                        	PUSH	DWORD [-20+EBP]
    45 0000004E FF 75 F0                        	PUSH	DWORD [-16+EBP]
    46 00000051 E8 0000013B                     	CALL	_boxfill8
    47 00000056 8D 43 E5                        	LEA	EAX,DWORD [-27+EBX]
    48 00000059 83 C4 38                        	ADD	ESP,56
    49 0000005C 50                              	PUSH	EAX
    50 0000005D 57                              	PUSH	EDI
    51 0000005E 50                              	PUSH	EAX
    52 0000005F 6A 00                           	PUSH	0
    53 00000061 6A 07                           	PUSH	7
    54 00000063 FF 75 EC                        	PUSH	DWORD [-20+EBP]
    55 00000066 FF 75 F0                        	PUSH	DWORD [-16+EBP]
    56 00000069 E8 00000123                     	CALL	_boxfill8
    57 0000006E 8D 43 FF                        	LEA	EAX,DWORD [-1+EBX]
    58 00000071 50                              	PUSH	EAX
    59 00000072 8D 43 E6                        	LEA	EAX,DWORD [-26+EBX]
    60 00000075 57                              	PUSH	EDI
    61 00000076 50                              	PUSH	EAX
    62 00000077 6A 00                           	PUSH	0
    63 00000079 6A 08                           	PUSH	8
    64 0000007B FF 75 EC                        	PUSH	DWORD [-20+EBP]
    65 0000007E FF 75 F0                        	PUSH	DWORD [-16+EBP]
    66 00000081 E8 0000010B                     	CALL	_boxfill8
    67 00000086 8D 43 E8                        	LEA	EAX,DWORD [-24+EBX]
    68 00000089 83 C4 38                        	ADD	ESP,56
    69 0000008C 89 45 E8                        	MOV	DWORD [-24+EBP],EAX
    70 0000008F 50                              	PUSH	EAX
    71 00000090 6A 3B                           	PUSH	59
    72 00000092 50                              	PUSH	EAX
    73 00000093 6A 03                           	PUSH	3
    74 00000095 6A 07                           	PUSH	7
    75 00000097 FF 75 EC                        	PUSH	DWORD [-20+EBP]
    76 0000009A FF 75 F0                        	PUSH	DWORD [-16+EBP]
    77 0000009D E8 000000EF                     	CALL	_boxfill8
    78 000000A2 8D 43 FC                        	LEA	EAX,DWORD [-4+EBX]
    79 000000A5 50                              	PUSH	EAX
    80 000000A6 89 45 E4                        	MOV	DWORD [-28+EBP],EAX
    81 000000A9 6A 02                           	PUSH	2
    82 000000AB FF 75 E8                        	PUSH	DWORD [-24+EBP]
    83 000000AE 6A 02                           	PUSH	2
    84 000000B0 6A 07                           	PUSH	7
    85 000000B2 FF 75 EC                        	PUSH	DWORD [-20+EBP]
    86 000000B5 FF 75 F0                        	PUSH	DWORD [-16+EBP]
    87 000000B8 E8 000000D4                     	CALL	_boxfill8
    88 000000BD 83 C4 38                        	ADD	ESP,56
    89 000000C0 FF 75 E4                        	PUSH	DWORD [-28+EBP]
    90 000000C3 6A 3B                           	PUSH	59
    91 000000C5 FF 75 E4                        	PUSH	DWORD [-28+EBP]
    92 000000C8 6A 03                           	PUSH	3
    93 000000CA 6A 0F                           	PUSH	15
    94 000000CC FF 75 EC                        	PUSH	DWORD [-20+EBP]
    95 000000CF FF 75 F0                        	PUSH	DWORD [-16+EBP]
    96 000000D2 E8 000000BA                     	CALL	_boxfill8
    97 000000D7 8D 43 FB                        	LEA	EAX,DWORD [-5+EBX]
    98 000000DA 50                              	PUSH	EAX
    99 000000DB 8D 43 E9                        	LEA	EAX,DWORD [-23+EBX]
   100 000000DE 6A 3B                           	PUSH	59
   101 000000E0 89 45 E0                        	MOV	DWORD [-32+EBP],EAX
   102 000000E3 50                              	PUSH	EAX
   103 000000E4 83 EB 03                        	SUB	EBX,3
   104 000000E7 6A 3B                           	PUSH	59
   105 000000E9 6A 0F                           	PUSH	15
   106 000000EB FF 75 EC                        	PUSH	DWORD [-20+EBP]
   107 000000EE FF 75 F0                        	PUSH	DWORD [-16+EBP]
   108 000000F1 E8 0000009B                     	CALL	_boxfill8
   109 000000F6 83 C4 38                        	ADD	ESP,56
   110 000000F9 53                              	PUSH	EBX
   111 000000FA 6A 3B                           	PUSH	59
   112 000000FC 53                              	PUSH	EBX
   113 000000FD 6A 02                           	PUSH	2
   114 000000FF 6A 00                           	PUSH	0
   115 00000101 FF 75 EC                        	PUSH	DWORD [-20+EBP]
   116 00000104 FF 75 F0                        	PUSH	DWORD [-16+EBP]
   117 00000107 E8 00000085                     	CALL	_boxfill8
   118 0000010C 53                              	PUSH	EBX
   119 0000010D 6A 3C                           	PUSH	60
   120 0000010F FF 75 E8                        	PUSH	DWORD [-24+EBP]
   121 00000112 6A 3C                           	PUSH	60
   122 00000114 6A 00                           	PUSH	0
   123 00000116 FF 75 EC                        	PUSH	DWORD [-20+EBP]
   124 00000119 FF 75 F0                        	PUSH	DWORD [-16+EBP]
   125 0000011C E8 00000070                     	CALL	_boxfill8
   126 00000121 8B 7D EC                        	MOV	EDI,DWORD [-20+EBP]
   127 00000124 83 C4 38                        	ADD	ESP,56
   128 00000127 8B 75 EC                        	MOV	ESI,DWORD [-20+EBP]
   129 0000012A FF 75 E8                        	PUSH	DWORD [-24+EBP]
   130 0000012D 83 EE 04                        	SUB	ESI,4
   131 00000130 83 EF 2F                        	SUB	EDI,47
   132 00000133 56                              	PUSH	ESI
   133 00000134 FF 75 E8                        	PUSH	DWORD [-24+EBP]
   134 00000137 57                              	PUSH	EDI
   135 00000138 6A 0F                           	PUSH	15
   136 0000013A FF 75 EC                        	PUSH	DWORD [-20+EBP]
   137 0000013D FF 75 F0                        	PUSH	DWORD [-16+EBP]
   138 00000140 E8 0000004C                     	CALL	_boxfill8
   139 00000145 FF 75 E4                        	PUSH	DWORD [-28+EBP]
   140 00000148 57                              	PUSH	EDI
   141 00000149 FF 75 E0                        	PUSH	DWORD [-32+EBP]
   142 0000014C 57                              	PUSH	EDI
   143 0000014D 6A 0F                           	PUSH	15
   144 0000014F FF 75 EC                        	PUSH	DWORD [-20+EBP]
   145 00000152 FF 75 F0                        	PUSH	DWORD [-16+EBP]
   146 00000155 E8 00000037                     	CALL	_boxfill8
   147 0000015A 83 C4 38                        	ADD	ESP,56
   148 0000015D 53                              	PUSH	EBX
   149 0000015E 56                              	PUSH	ESI
   150 0000015F 53                              	PUSH	EBX
   151 00000160 57                              	PUSH	EDI
   152 00000161 6A 07                           	PUSH	7
   153 00000163 FF 75 EC                        	PUSH	DWORD [-20+EBP]
   154 00000166 FF 75 F0                        	PUSH	DWORD [-16+EBP]
   155 00000169 E8 00000023                     	CALL	_boxfill8
   156 0000016E 8B 45 EC                        	MOV	EAX,DWORD [-20+EBP]
   157 00000171 53                              	PUSH	EBX
   158 00000172 83 E8 03                        	SUB	EAX,3
   159 00000175 50                              	PUSH	EAX
   160 00000176 FF 75 E8                        	PUSH	DWORD [-24+EBP]
   161 00000179 50                              	PUSH	EAX
   162 0000017A 6A 07                           	PUSH	7
   163 0000017C FF 75 EC                        	PUSH	DWORD [-20+EBP]
   164 0000017F FF 75 F0                        	PUSH	DWORD [-16+EBP]
   165 00000182 E8 0000000A                     	CALL	_boxfill8
   166 00000187 83 C4 38                        	ADD	ESP,56
   167 0000018A                                 L2:
   168 0000018A E8 [00000000]                   	CALL	_io_hlt
   169 0000018F EB F9                           	JMP	L2
   170 00000191                                 	GLOBAL	_boxfill8
   171 00000191                                 _boxfill8:
   172 00000191 55                              	PUSH	EBP
   173 00000192 89 E5                           	MOV	EBP,ESP
   174 00000194 57                              	PUSH	EDI
   175 00000195 56                              	PUSH	ESI
   176 00000196 53                              	PUSH	EBX
   177 00000197 51                              	PUSH	ECX
   178 00000198 51                              	PUSH	ECX
   179 00000199 8A 45 10                        	MOV	AL,BYTE [16+EBP]
   180 0000019C 8B 4D 18                        	MOV	ECX,DWORD [24+EBP]
   181 0000019F 8B 7D 1C                        	MOV	EDI,DWORD [28+EBP]
   182 000001A2 88 45 F3                        	MOV	BYTE [-13+EBP],AL
   183 000001A5 3B 4D 20                        	CMP	ECX,DWORD [32+EBP]
   184 000001A8 7F 31                           	JG	L17
   185 000001AA 8B 5D 0C                        	MOV	EBX,DWORD [12+EBP]
   186 000001AD 0F AF D9                        	IMUL	EBX,ECX
   187 000001B0                                 L15:
   188 000001B0 8B 55 14                        	MOV	EDX,DWORD [20+EBP]
   189 000001B3 39 FA                           	CMP	EDX,EDI
   190 000001B5 7F 1B                           	JG	L19
   191 000001B7 8B 75 08                        	MOV	ESI,DWORD [8+EBP]
   192 000001BA 01 DE                           	ADD	ESI,EBX
   193 000001BC 01 D6                           	ADD	ESI,EDX
   194 000001BE 89 75 EC                        	MOV	DWORD [-20+EBP],ESI
   195 000001C1                                 L14:
   196 000001C1 8B 75 EC                        	MOV	ESI,DWORD [-20+EBP]
   197 000001C4 8A 45 F3                        	MOV	AL,BYTE [-13+EBP]
   198 000001C7 42                              	INC	EDX
   199 000001C8 88 06                           	MOV	BYTE [ESI],AL
   200 000001CA 46                              	INC	ESI
   201 000001CB 89 75 EC                        	MOV	DWORD [-20+EBP],ESI
   202 000001CE 39 FA                           	CMP	EDX,EDI
   203 000001D0 7E EF                           	JLE	L14
   204 000001D2                                 L19:
   205 000001D2 41                              	INC	ECX
   206 000001D3 03 5D 0C                        	ADD	EBX,DWORD [12+EBP]
   207 000001D6 3B 4D 20                        	CMP	ECX,DWORD [32+EBP]
   208 000001D9 7E D5                           	JLE	L15
   209 000001DB                                 L17:
   210 000001DB 58                              	POP	EAX
   211 000001DC 5A                              	POP	EDX
   212 000001DD 5B                              	POP	EBX
   213 000001DE 5E                              	POP	ESI
   214 000001DF 5F                              	POP	EDI
   215 000001E0 5D                              	POP	EBP
   216 000001E1 C3                              	RET
   217                                          [SECTION .data]
   218 00000000                                 _table_rgb.0:
   219 00000000 00                              	DB	0
   220 00000001 00                              	DB	0
   221 00000002 00                              	DB	0
   222 00000003 FF                              	DB	-1
   223 00000004 00                              	DB	0
   224 00000005 00                              	DB	0
   225 00000006 00                              	DB	0
   226 00000007 FF                              	DB	-1
   227 00000008 00                              	DB	0
   228 00000009 FF                              	DB	-1
   229 0000000A FF                              	DB	-1
   230 0000000B 00                              	DB	0
   231 0000000C 00                              	DB	0
   232 0000000D 00                              	DB	0
   233 0000000E FF                              	DB	-1
   234 0000000F FF                              	DB	-1
   235 00000010 00                              	DB	0
   236 00000011 FF                              	DB	-1
   237 00000012 00                              	DB	0
   238 00000013 FF                              	DB	-1
   239 00000014 FF                              	DB	-1
   240 00000015 FF                              	DB	-1
   241 00000016 FF                              	DB	-1
   242 00000017 FF                              	DB	-1
   243 00000018 C6                              	DB	-58
   244 00000019 C6                              	DB	-58
   245 0000001A C6                              	DB	-58
   246 0000001B 84                              	DB	-124
   247 0000001C 00                              	DB	0
   248 0000001D 00                              	DB	0
   249 0000001E 00                              	DB	0
   250 0000001F 84                              	DB	-124
   251 00000020 00                              	DB	0
   252 00000021 84                              	DB	-124
   253 00000022 84                              	DB	-124
   254 00000023 00                              	DB	0
   255 00000024 00                              	DB	0
   256 00000025 00                              	DB	0
   257 00000026 84                              	DB	-124
   258 00000027 84                              	DB	-124
   259 00000028 00                              	DB	0
   260 00000029 84                              	DB	-124
   261 0000002A 00                              	DB	0
   262 0000002B 84                              	DB	-124
   263 0000002C 84                              	DB	-124
   264 0000002D 84                              	DB	-124
   265 0000002E 84                              	DB	-124
   266 0000002F 84                              	DB	-124
   267                                          [SECTION .text]
   268 000001E2                                 	GLOBAL	_init_palette
   269 000001E2                                 _init_palette:
   270 000001E2 55                              	PUSH	EBP
   271 000001E3 89 E5                           	MOV	EBP,ESP
   272 000001E5 68 [00000000]                   	PUSH	_table_rgb.0
   273 000001EA 6A 0F                           	PUSH	15
   274 000001EC 6A 00                           	PUSH	0
   275 000001EE E8 00000002                     	CALL	_set_palette
   276 000001F3 C9                              	LEAVE
   277 000001F4 C3                              	RET
   278 000001F5                                 	GLOBAL	_set_palette
   279 000001F5                                 _set_palette:
   280 000001F5 55                              	PUSH	EBP
   281 000001F6 89 E5                           	MOV	EBP,ESP
   282 000001F8 57                              	PUSH	EDI
   283 000001F9 56                              	PUSH	ESI
   284 000001FA 53                              	PUSH	EBX
   285 000001FB 51                              	PUSH	ECX
   286 000001FC 8B 5D 08                        	MOV	EBX,DWORD [8+EBP]
   287 000001FF 8B 7D 0C                        	MOV	EDI,DWORD [12+EBP]
   288 00000202 8B 75 10                        	MOV	ESI,DWORD [16+EBP]
   289 00000205 E8 [00000000]                   	CALL	_io_load_eflags
   290 0000020A 89 45 F0                        	MOV	DWORD [-16+EBP],EAX
   291 0000020D E8 [00000000]                   	CALL	_io_cli
   292 00000212 53                              	PUSH	EBX
   293 00000213 68 000003C8                     	PUSH	968
   294 00000218 E8 [00000000]                   	CALL	_io_out8
   295 0000021D 39 FB                           	CMP	EBX,EDI
   296 0000021F 58                              	POP	EAX
   297 00000220 5A                              	POP	EDX
   298 00000221 7E 12                           	JLE	L26
   299 00000223                                 L28:
   300 00000223 8B 45 F0                        	MOV	EAX,DWORD [-16+EBP]
   301 00000226 89 45 08                        	MOV	DWORD [8+EBP],EAX
   302 00000229 8D 65 F4                        	LEA	ESP,DWORD [-12+EBP]
   303 0000022C 5B                              	POP	EBX
   304 0000022D 5E                              	POP	ESI
   305 0000022E 5F                              	POP	EDI
   306 0000022F 5D                              	POP	EBP
   307 00000230 E9 [00000000]                   	JMP	_io_store_eflags
   308 00000235                                 L26:
   309 00000235 8A 06                           	MOV	AL,BYTE [ESI]
   310 00000237 43                              	INC	EBX
   311 00000238 C0 E8 02                        	SHR	AL,2
   312 0000023B 0F B6 C0                        	MOVZX	EAX,AL
   313 0000023E 50                              	PUSH	EAX
   314 0000023F 68 000003C9                     	PUSH	969
   315 00000244 E8 [00000000]                   	CALL	_io_out8
   316 00000249 8A 46 01                        	MOV	AL,BYTE [1+ESI]
   317 0000024C C0 E8 02                        	SHR	AL,2
   318 0000024F 0F B6 C0                        	MOVZX	EAX,AL
   319 00000252 50                              	PUSH	EAX
   320 00000253 68 000003C9                     	PUSH	969
   321 00000258 E8 [00000000]                   	CALL	_io_out8
   322 0000025D 8A 46 02                        	MOV	AL,BYTE [2+ESI]
   323 00000260 C0 E8 02                        	SHR	AL,2
   324 00000263 83 C6 03                        	ADD	ESI,3
   325 00000266 0F B6 C0                        	MOVZX	EAX,AL
   326 00000269 50                              	PUSH	EAX
   327 0000026A 68 000003C9                     	PUSH	969
   328 0000026F E8 [00000000]                   	CALL	_io_out8
   329 00000274 83 C4 18                        	ADD	ESP,24
   330 00000277 39 FB                           	CMP	EBX,EDI
   331 00000279 7E BA                           	JLE	L26
   332 0000027B EB A6                           	JMP	L28
