     1 00000000                                 [FORMAT "WCOFF"]
     2 00000000                                 [INSTRSET "i486p"]
     3 00000000                                 [OPTIMIZE 1]
     4 00000000                                 [OPTION 1]
     5 00000000                                 [BITS 32]
     6 00000000                                 	EXTERN	_init_gdtidt
     7 00000000                                 	EXTERN	_init_pic
     8 00000000                                 	EXTERN	_io_sti
     9 00000000                                 	EXTERN	_keyfifo
    10 00000000                                 	EXTERN	_fifo8_init
    11 00000000                                 	EXTERN	_mousefifo
    12 00000000                                 	EXTERN	_io_out8
    13 00000000                                 	EXTERN	_init_keyboard
    14 00000000                                 	EXTERN	_enable_mouse
    15 00000000                                 	EXTERN	_init_palette
    16 00000000                                 	EXTERN	_init_screen8
    17 00000000                                 	EXTERN	_init_mouse_cursor8
    18 00000000                                 	EXTERN	_putblock8_8
    19 00000000                                 	EXTERN	_sprintf
    20 00000000                                 	EXTERN	_putfonts8_asc
    21 00000000                                 	EXTERN	_io_cli
    22 00000000                                 	EXTERN	_fifo8_status
    23 00000000                                 	EXTERN	_fifo8_get
    24 00000000                                 	EXTERN	_mouse_decode
    25 00000000                                 	EXTERN	_boxfill8
    26 00000000                                 	EXTERN	_io_stihlt
    27 00000000                                 	EXTERN	_io_load_eflags
    28 00000000                                 	EXTERN	_io_store_eflags
    29 00000000                                 	EXTERN	_memtest_sub
    30 00000000                                 	EXTERN	_load_cr0
    31 00000000                                 	EXTERN	_store_cr0
    32 00000000                                 [FILE "bootpack.c"]
    33                                          [SECTION .text]
    34 00000000                                 	GLOBAL	_memman_init
    35 00000000                                 _memman_init:
    36 00000000 55                              	PUSH	EBP
    37 00000001 89 E5                           	MOV	EBP,ESP
    38 00000003 8B 45 08                        	MOV	EAX,DWORD [8+EBP]
    39 00000006 C7 00 00000000                  	MOV	DWORD [EAX],0
    40 0000000C C7 40 04 00000000               	MOV	DWORD [4+EAX],0
    41 00000013 C7 40 08 00000000               	MOV	DWORD [8+EAX],0
    42 0000001A C7 40 0C 00000000               	MOV	DWORD [12+EAX],0
    43 00000021 5D                              	POP	EBP
    44 00000022 C3                              	RET
    45 00000023                                 	GLOBAL	_memman_total
    46 00000023                                 _memman_total:
    47 00000023 55                              	PUSH	EBP
    48 00000024 31 C0                           	XOR	EAX,EAX
    49 00000026 89 E5                           	MOV	EBP,ESP
    50 00000028 31 D2                           	XOR	EDX,EDX
    51 0000002A 53                              	PUSH	EBX
    52 0000002B 8B 5D 08                        	MOV	EBX,DWORD [8+EBP]
    53 0000002E 8B 0B                           	MOV	ECX,DWORD [EBX]
    54 00000030 39 C8                           	CMP	EAX,ECX
    55 00000032 73 09                           	JAE	L9
    56 00000034                                 L7:
    57 00000034 03 44 D3 14                     	ADD	EAX,DWORD [20+EBX+EDX*8]
    58 00000038 42                              	INC	EDX
    59 00000039 39 CA                           	CMP	EDX,ECX
    60 0000003B 72 F7                           	JB	L7
    61 0000003D                                 L9:
    62 0000003D 5B                              	POP	EBX
    63 0000003E 5D                              	POP	EBP
    64 0000003F C3                              	RET
    65 00000040                                 	GLOBAL	_memman_alloc
    66 00000040                                 _memman_alloc:
    67 00000040 55                              	PUSH	EBP
    68 00000041 31 C9                           	XOR	ECX,ECX
    69 00000043 89 E5                           	MOV	EBP,ESP
    70 00000045 57                              	PUSH	EDI
    71 00000046 56                              	PUSH	ESI
    72 00000047 53                              	PUSH	EBX
    73 00000048 8B 75 0C                        	MOV	ESI,DWORD [12+EBP]
    74 0000004B 8B 5D 08                        	MOV	EBX,DWORD [8+EBP]
    75 0000004E 3B 0B                           	CMP	ECX,DWORD [EBX]
    76 00000050 73 24                           	JAE	L24
    77 00000052                                 L22:
    78 00000052 8B 54 CB 14                     	MOV	EDX,DWORD [20+EBX+ECX*8]
    79 00000056 39 F2                           	CMP	EDX,ESI
    80 00000058 72 17                           	JB	L13
    81 0000005A 8B 7C CB 10                     	MOV	EDI,DWORD [16+EBX+ECX*8]
    82 0000005E 8D 04 3E                        	LEA	EAX,DWORD [ESI+EDI*1]
    83 00000061 89 44 CB 10                     	MOV	DWORD [16+EBX+ECX*8],EAX
    84 00000065 89 D0                           	MOV	EAX,EDX
    85 00000067 29 F0                           	SUB	EAX,ESI
    86 00000069 89 44 CB 14                     	MOV	DWORD [20+EBX+ECX*8],EAX
    87 0000006D 85 C0                           	TEST	EAX,EAX
    88 0000006F 74 0C                           	JE	L27
    89 00000071                                 L13:
    90 00000071 41                              	INC	ECX
    91 00000072 3B 0B                           	CMP	ECX,DWORD [EBX]
    92 00000074 72 DC                           	JB	L22
    93 00000076                                 L24:
    94 00000076 31 C0                           	XOR	EAX,EAX
    95 00000078                                 L10:
    96 00000078 5B                              	POP	EBX
    97 00000079 5E                              	POP	ESI
    98 0000007A 5F                              	POP	EDI
    99 0000007B 5D                              	POP	EBP
   100 0000007C C3                              	RET
   101 0000007D                                 L27:
   102 0000007D 8B 03                           	MOV	EAX,DWORD [EBX]
   103 0000007F 31 C9                           	XOR	ECX,ECX
   104 00000081 48                              	DEC	EAX
   105 00000082 89 03                           	MOV	DWORD [EBX],EAX
   106 00000084 39 C1                           	CMP	ECX,EAX
   107 00000086 73 17                           	JAE	L26
   108 00000088 89 C6                           	MOV	ESI,EAX
   109 0000008A                                 L21:
   110 0000008A 8B 44 CB 18                     	MOV	EAX,DWORD [24+EBX+ECX*8]
   111 0000008E 8B 54 CB 1C                     	MOV	EDX,DWORD [28+EBX+ECX*8]
   112 00000092 89 44 CB 10                     	MOV	DWORD [16+EBX+ECX*8],EAX
   113 00000096 89 54 CB 14                     	MOV	DWORD [20+EBX+ECX*8],EDX
   114 0000009A 41                              	INC	ECX
   115 0000009B 39 F1                           	CMP	ECX,ESI
   116 0000009D 72 EB                           	JB	L21
   117 0000009F                                 L26:
   118 0000009F 89 F8                           	MOV	EAX,EDI
   119 000000A1 EB D5                           	JMP	L10
   120 000000A3                                 	GLOBAL	_memman_free
   121 000000A3                                 _memman_free:
   122 000000A3 55                              	PUSH	EBP
   123 000000A4 89 E5                           	MOV	EBP,ESP
   124 000000A6 57                              	PUSH	EDI
   125 000000A7 56                              	PUSH	ESI
   126 000000A8 8B 75 08                        	MOV	ESI,DWORD [8+EBP]
   127 000000AB 53                              	PUSH	EBX
   128 000000AC 31 DB                           	XOR	EBX,EBX
   129 000000AE 8B 3E                           	MOV	EDI,DWORD [ESI]
   130 000000B0 39 FB                           	CMP	EBX,EDI
   131 000000B2 7D 0E                           	JGE	L30
   132 000000B4                                 L34:
   133 000000B4 8B 45 0C                        	MOV	EAX,DWORD [12+EBP]
   134 000000B7 39 44 DE 10                     	CMP	DWORD [16+ESI+EBX*8],EAX
   135 000000BB 77 05                           	JA	L30
   136 000000BD 43                              	INC	EBX
   137 000000BE 39 FB                           	CMP	EBX,EDI
   138 000000C0 7C F2                           	JL	L34
   139 000000C2                                 L30:
   140 000000C2 85 DB                           	TEST	EBX,EBX
   141 000000C4 7E 0F                           	JLE	L35
   142 000000C6 8B 54 DE 0C                     	MOV	EDX,DWORD [12+ESI+EBX*8]
   143 000000CA 8B 44 DE 08                     	MOV	EAX,DWORD [8+ESI+EBX*8]
   144 000000CE 01 D0                           	ADD	EAX,EDX
   145 000000D0 3B 45 0C                        	CMP	EAX,DWORD [12+EBP]
   146 000000D3 74 73                           	JE	L58
   147 000000D5                                 L35:
   148 000000D5 39 FB                           	CMP	EBX,EDI
   149 000000D7 7D 0C                           	JGE	L44
   150 000000D9 8B 45 0C                        	MOV	EAX,DWORD [12+EBP]
   151 000000DC 03 45 10                        	ADD	EAX,DWORD [16+EBP]
   152 000000DF 3B 44 DE 10                     	CMP	EAX,DWORD [16+ESI+EBX*8]
   153 000000E3 74 53                           	JE	L59
   154 000000E5                                 L44:
   155 000000E5 81 FF 00000FF9                  	CMP	EDI,4089
   156 000000EB 7F 3D                           	JG	L46
   157 000000ED 89 F9                           	MOV	ECX,EDI
   158 000000EF 39 DF                           	CMP	EDI,EBX
   159 000000F1 7D 15                           	JGE	L56
   160 000000F3                                 L51:
   161 000000F3 8B 44 CE 08                     	MOV	EAX,DWORD [8+ESI+ECX*8]
   162 000000F7 8B 54 CE 0C                     	MOV	EDX,DWORD [12+ESI+ECX*8]
   163 000000FB 89 44 CE 10                     	MOV	DWORD [16+ESI+ECX*8],EAX
   164 000000FF 89 54 CE 14                     	MOV	DWORD [20+ESI+ECX*8],EDX
   165 00000103 49                              	DEC	ECX
   166 00000104 39 D9                           	CMP	ECX,EBX
   167 00000106 7C EB                           	JL	L51
   168 00000108                                 L56:
   169 00000108 8D 47 01                        	LEA	EAX,DWORD [1+EDI]
   170 0000010B 89 06                           	MOV	DWORD [ESI],EAX
   171 0000010D 39 46 04                        	CMP	DWORD [4+ESI],EAX
   172 00000110 7D 03                           	JGE	L52
   173 00000112 89 46 04                        	MOV	DWORD [4+ESI],EAX
   174 00000115                                 L52:
   175 00000115 8B 45 0C                        	MOV	EAX,DWORD [12+EBP]
   176 00000118 89 44 DE 10                     	MOV	DWORD [16+ESI+EBX*8],EAX
   177 0000011C 8B 45 10                        	MOV	EAX,DWORD [16+EBP]
   178 0000011F 89 44 DE 14                     	MOV	DWORD [20+ESI+EBX*8],EAX
   179 00000123                                 L57:
   180 00000123 31 C0                           	XOR	EAX,EAX
   181 00000125                                 L28:
   182 00000125 5B                              	POP	EBX
   183 00000126 5E                              	POP	ESI
   184 00000127 5F                              	POP	EDI
   185 00000128 5D                              	POP	EBP
   186 00000129 C3                              	RET
   187 0000012A                                 L46:
   188 0000012A 8B 45 10                        	MOV	EAX,DWORD [16+EBP]
   189 0000012D FF 46 0C                        	INC	DWORD [12+ESI]
   190 00000130 01 46 08                        	ADD	DWORD [8+ESI],EAX
   191 00000133 83 C8 FF                        	OR	EAX,-1
   192 00000136 EB ED                           	JMP	L28
   193 00000138                                 L59:
   194 00000138 8B 45 0C                        	MOV	EAX,DWORD [12+EBP]
   195 0000013B 89 44 DE 10                     	MOV	DWORD [16+ESI+EBX*8],EAX
   196 0000013F 8B 45 10                        	MOV	EAX,DWORD [16+EBP]
   197 00000142 01 44 DE 14                     	ADD	DWORD [20+ESI+EBX*8],EAX
   198 00000146 EB DB                           	JMP	L57
   199 00000148                                 L58:
   200 00000148 03 55 10                        	ADD	EDX,DWORD [16+EBP]
   201 0000014B 89 54 DE 0C                     	MOV	DWORD [12+ESI+EBX*8],EDX
   202 0000014F 3B 1E                           	CMP	EBX,DWORD [ESI]
   203 00000151 7D D0                           	JGE	L57
   204 00000153 8B 45 0C                        	MOV	EAX,DWORD [12+EBP]
   205 00000156 03 45 10                        	ADD	EAX,DWORD [16+EBP]
   206 00000159 3B 44 DE 10                     	CMP	EAX,DWORD [16+ESI+EBX*8]
   207 0000015D 75 C4                           	JNE	L57
   208 0000015F 03 54 DE 14                     	ADD	EDX,DWORD [20+ESI+EBX*8]
   209 00000163 89 54 DE 0C                     	MOV	DWORD [12+ESI+EBX*8],EDX
   210 00000167 31 DB                           	XOR	EBX,EBX
   211 00000169 8B 06                           	MOV	EAX,DWORD [ESI]
   212 0000016B 48                              	DEC	EAX
   213 0000016C 89 06                           	MOV	DWORD [ESI],EAX
   214 0000016E 39 C3                           	CMP	EBX,EAX
   215 00000170 7D B1                           	JGE	L57
   216 00000172 89 C1                           	MOV	ECX,EAX
   217 00000174                                 L43:
   218 00000174 8B 44 DE 18                     	MOV	EAX,DWORD [24+ESI+EBX*8]
   219 00000178 8B 54 DE 1C                     	MOV	EDX,DWORD [28+ESI+EBX*8]
   220 0000017C 89 44 DE 10                     	MOV	DWORD [16+ESI+EBX*8],EAX
   221 00000180 89 54 DE 14                     	MOV	DWORD [20+ESI+EBX*8],EDX
   222 00000184 43                              	INC	EBX
   223 00000185 39 CB                           	CMP	EBX,ECX
   224 00000187 7C EB                           	JL	L43
   225 00000189 EB 98                           	JMP	L57
   226                                          [SECTION .data]
   227 00000000                                 LC0:
   228 00000000 28 25 64 2C 20 25 64 29 00      	DB	"(%d, %d)",0x00
   229 00000009                                 LC1:
   230 00000009 6D 65 6D 6F 72 79 20 25 64 4D   	DB	"memory %dMB   free : %dKB",0x00
       00000013 42 20 20 20 66 72 65 65 20 3A 
       0000001D 20 25 64 4B 42 00 
   231 00000023                                 LC3:
   232 00000023 5B 6C 63 72 20 25 34 64 20 25   	DB	"[lcr %4d %4d]",0x00
       0000002D 34 64 5D 00 
   233 00000031                                 LC4:
   234 00000031 28 25 33 64 2C 20 25 33 64 29   	DB	"(%3d, %3d)",0x00
       0000003B 00 
   235 0000003C                                 LC2:
   236 0000003C 25 30 32 58 00                  	DB	"%02X",0x00
   237                                          [SECTION .text]
   238 0000018B                                 	GLOBAL	_HariMain
   239 0000018B                                 _HariMain:
   240 0000018B 55                              	PUSH	EBP
   241 0000018C 89 E5                           	MOV	EBP,ESP
   242 0000018E 57                              	PUSH	EDI
   243 0000018F 56                              	PUSH	ESI
   244 00000190 53                              	PUSH	EBX
   245 00000191 BB 00000002                     	MOV	EBX,2
   246 00000196 81 EC 000001E8                  	SUB	ESP,488
   247 0000019C E8 [00000000]                   	CALL	_init_gdtidt
   248 000001A1 E8 [00000000]                   	CALL	_init_pic
   249 000001A6 E8 [00000000]                   	CALL	_io_sti
   250 000001AB 8D 85 FFFFFEA4                  	LEA	EAX,DWORD [-348+EBP]
   251 000001B1 50                              	PUSH	EAX
   252 000001B2 6A 20                           	PUSH	32
   253 000001B4 68 [00000000]                   	PUSH	_keyfifo
   254 000001B9 E8 [00000000]                   	CALL	_fifo8_init
   255 000001BE 8D 85 FFFFFE24                  	LEA	EAX,DWORD [-476+EBP]
   256 000001C4 50                              	PUSH	EAX
   257 000001C5 68 00000080                     	PUSH	128
   258 000001CA 68 [00000000]                   	PUSH	_mousefifo
   259 000001CF E8 [00000000]                   	CALL	_fifo8_init
   260 000001D4 68 000000F9                     	PUSH	249
   261 000001D9 6A 21                           	PUSH	33
   262 000001DB E8 [00000000]                   	CALL	_io_out8
   263 000001E0 83 C4 20                        	ADD	ESP,32
   264 000001E3 68 000000EF                     	PUSH	239
   265 000001E8 68 000000A1                     	PUSH	161
   266 000001ED E8 [00000000]                   	CALL	_io_out8
   267 000001F2 E8 [00000000]                   	CALL	_init_keyboard
   268 000001F7 8D 85 FFFFFE14                  	LEA	EAX,DWORD [-492+EBP]
   269 000001FD 50                              	PUSH	EAX
   270 000001FE E8 [00000000]                   	CALL	_enable_mouse
   271 00000203 68 BFFFFFFF                     	PUSH	-1073741825
   272 00000208 68 00400000                     	PUSH	4194304
   273 0000020D E8 00000385                     	CALL	_memtest
   274 00000212 68 003C0000                     	PUSH	3932160
   275 00000217 89 C6                           	MOV	ESI,EAX
   276 00000219 E8 FFFFFDE2                     	CALL	_memman_init
   277 0000021E 68 0009E000                     	PUSH	647168
   278 00000223 68 00001000                     	PUSH	4096
   279 00000228 68 003C0000                     	PUSH	3932160
   280 0000022D E8 FFFFFE71                     	CALL	_memman_free
   281 00000232 8D 86 FFC00000                  	LEA	EAX,DWORD [-4194304+ESI]
   282 00000238 C1 EE 14                        	SHR	ESI,20
   283 0000023B 83 C4 24                        	ADD	ESP,36
   284 0000023E 50                              	PUSH	EAX
   285 0000023F 68 00400000                     	PUSH	4194304
   286 00000244 68 003C0000                     	PUSH	3932160
   287 00000249 E8 FFFFFE55                     	CALL	_memman_free
   288 0000024E E8 [00000000]                   	CALL	_init_palette
   289 00000253 0F BF 05 00000FF6               	MOVSX	EAX,WORD [4086]
   290 0000025A 50                              	PUSH	EAX
   291 0000025B 0F BF 05 00000FF4               	MOVSX	EAX,WORD [4084]
   292 00000262 50                              	PUSH	EAX
   293 00000263 FF 35 00000FF8                  	PUSH	DWORD [4088]
   294 00000269 E8 [00000000]                   	CALL	_init_screen8
   295 0000026E 0F BF 05 00000FF4               	MOVSX	EAX,WORD [4084]
   296 00000275 8D 48 F0                        	LEA	ECX,DWORD [-16+EAX]
   297 00000278 89 C8                           	MOV	EAX,ECX
   298 0000027A 99                              	CDQ
   299 0000027B F7 FB                           	IDIV	EBX
   300 0000027D 89 85 FFFFFE10                  	MOV	DWORD [-496+EBP],EAX
   301 00000283 0F BF 05 00000FF6               	MOVSX	EAX,WORD [4086]
   302 0000028A 6A 0E                           	PUSH	14
   303 0000028C 8D 48 D4                        	LEA	ECX,DWORD [-44+EAX]
   304 0000028F 89 C8                           	MOV	EAX,ECX
   305 00000291 99                              	CDQ
   306 00000292 F7 FB                           	IDIV	EBX
   307 00000294 8D 9D FFFFFEC4                  	LEA	EBX,DWORD [-316+EBP]
   308 0000029A 89 C7                           	MOV	EDI,EAX
   309 0000029C 53                              	PUSH	EBX
   310 0000029D E8 [00000000]                   	CALL	_init_mouse_cursor8
   311 000002A2 83 C4 20                        	ADD	ESP,32
   312 000002A5 6A 10                           	PUSH	16
   313 000002A7 53                              	PUSH	EBX
   314 000002A8 8D 5D C4                        	LEA	EBX,DWORD [-60+EBP]
   315 000002AB 57                              	PUSH	EDI
   316 000002AC FF B5 FFFFFE10                  	PUSH	DWORD [-496+EBP]
   317 000002B2 6A 10                           	PUSH	16
   318 000002B4 6A 10                           	PUSH	16
   319 000002B6 0F BF 05 00000FF4               	MOVSX	EAX,WORD [4084]
   320 000002BD 50                              	PUSH	EAX
   321 000002BE FF 35 00000FF8                  	PUSH	DWORD [4088]
   322 000002C4 E8 [00000000]                   	CALL	_putblock8_8
   323 000002C9 83 C4 20                        	ADD	ESP,32
   324 000002CC 57                              	PUSH	EDI
   325 000002CD FF B5 FFFFFE10                  	PUSH	DWORD [-496+EBP]
   326 000002D3 68 [00000000]                   	PUSH	LC0
   327 000002D8 53                              	PUSH	EBX
   328 000002D9 E8 [00000000]                   	CALL	_sprintf
   329 000002DE 53                              	PUSH	EBX
   330 000002DF 6A 07                           	PUSH	7
   331 000002E1 6A 00                           	PUSH	0
   332 000002E3 6A 00                           	PUSH	0
   333 000002E5 0F BF 05 00000FF4               	MOVSX	EAX,WORD [4084]
   334 000002EC 50                              	PUSH	EAX
   335 000002ED FF 35 00000FF8                  	PUSH	DWORD [4088]
   336 000002F3 E8 [00000000]                   	CALL	_putfonts8_asc
   337 000002F8 83 C4 28                        	ADD	ESP,40
   338 000002FB 68 003C0000                     	PUSH	3932160
   339 00000300 E8 FFFFFD1E                     	CALL	_memman_total
   340 00000305 C1 E8 0A                        	SHR	EAX,10
   341 00000308 89 04 24                        	MOV	DWORD [ESP],EAX
   342 0000030B 56                              	PUSH	ESI
   343 0000030C 68 [00000009]                   	PUSH	LC1
   344 00000311 53                              	PUSH	EBX
   345 00000312 E8 [00000000]                   	CALL	_sprintf
   346 00000317 53                              	PUSH	EBX
   347 00000318 6A 07                           	PUSH	7
   348 0000031A 6A 20                           	PUSH	32
   349 0000031C 6A 00                           	PUSH	0
   350 0000031E 0F BF 05 00000FF4               	MOVSX	EAX,WORD [4084]
   351 00000325 50                              	PUSH	EAX
   352 00000326 FF 35 00000FF8                  	PUSH	DWORD [4088]
   353 0000032C E8 [00000000]                   	CALL	_putfonts8_asc
   354 00000331 83 C4 28                        	ADD	ESP,40
   355 00000334                                 L61:
   356 00000334 E8 [00000000]                   	CALL	_io_cli
   357 00000339 68 [00000000]                   	PUSH	_keyfifo
   358 0000033E E8 [00000000]                   	CALL	_fifo8_status
   359 00000343 68 [00000000]                   	PUSH	_mousefifo
   360 00000348 89 C3                           	MOV	EBX,EAX
   361 0000034A E8 [00000000]                   	CALL	_fifo8_status
   362 0000034F 8D 04 18                        	LEA	EAX,DWORD [EAX+EBX*1]
   363 00000352 5B                              	POP	EBX
   364 00000353 5E                              	POP	ESI
   365 00000354 85 C0                           	TEST	EAX,EAX
   366 00000356 0F 84 00000231                  	JE	L77
   367 0000035C 68 [00000000]                   	PUSH	_keyfifo
   368 00000361 E8 [00000000]                   	CALL	_fifo8_status
   369 00000366 59                              	POP	ECX
   370 00000367 85 C0                           	TEST	EAX,EAX
   371 00000369 0F 85 000001BC                  	JNE	L78
   372 0000036F 68 [00000000]                   	PUSH	_mousefifo
   373 00000374 E8 [00000000]                   	CALL	_fifo8_status
   374 00000379 5A                              	POP	EDX
   375 0000037A 85 C0                           	TEST	EAX,EAX
   376 0000037C 74 B6                           	JE	L61
   377 0000037E 68 [00000000]                   	PUSH	_mousefifo
   378 00000383 E8 [00000000]                   	CALL	_fifo8_get
   379 00000388 89 C3                           	MOV	EBX,EAX
   380 0000038A E8 [00000000]                   	CALL	_io_sti
   381 0000038F 0F B6 C3                        	MOVZX	EAX,BL
   382 00000392 50                              	PUSH	EAX
   383 00000393 8D 85 FFFFFE14                  	LEA	EAX,DWORD [-492+EBP]
   384 00000399 50                              	PUSH	EAX
   385 0000039A E8 [00000000]                   	CALL	_mouse_decode
   386 0000039F 83 C4 0C                        	ADD	ESP,12
   387 000003A2 85 C0                           	TEST	EAX,EAX
   388 000003A4 74 8E                           	JE	L61
   389 000003A6 FF B5 FFFFFE1C                  	PUSH	DWORD [-484+EBP]
   390 000003AC FF B5 FFFFFE18                  	PUSH	DWORD [-488+EBP]
   391 000003B2 68 [00000023]                   	PUSH	LC3
   392 000003B7 8D 5D C4                        	LEA	EBX,DWORD [-60+EBP]
   393 000003BA 53                              	PUSH	EBX
   394 000003BB E8 [00000000]                   	CALL	_sprintf
   395 000003C0 83 C4 10                        	ADD	ESP,16
   396 000003C3 8B 85 FFFFFE20                  	MOV	EAX,DWORD [-480+EBP]
   397 000003C9 A9 00000001                     	TEST	EAX,1
   398 000003CE 74 04                           	JE	L70
   399 000003D0 C6 45 C5 4C                     	MOV	BYTE [-59+EBP],76
   400 000003D4                                 L70:
   401 000003D4 A9 00000002                     	TEST	EAX,2
   402 000003D9 74 04                           	JE	L71
   403 000003DB C6 45 C7 52                     	MOV	BYTE [-57+EBP],82
   404 000003DF                                 L71:
   405 000003DF 83 E0 04                        	AND	EAX,4
   406 000003E2 74 04                           	JE	L72
   407 000003E4 C6 45 C6 43                     	MOV	BYTE [-58+EBP],67
   408 000003E8                                 L72:
   409 000003E8 6A 1F                           	PUSH	31
   410 000003EA 68 00000097                     	PUSH	151
   411 000003EF 6A 10                           	PUSH	16
   412 000003F1 6A 20                           	PUSH	32
   413 000003F3 6A 0E                           	PUSH	14
   414 000003F5 0F BF 05 00000FF4               	MOVSX	EAX,WORD [4084]
   415 000003FC 50                              	PUSH	EAX
   416 000003FD FF 35 00000FF8                  	PUSH	DWORD [4088]
   417 00000403 E8 [00000000]                   	CALL	_boxfill8
   418 00000408 53                              	PUSH	EBX
   419 00000409 6A 07                           	PUSH	7
   420 0000040B 6A 10                           	PUSH	16
   421 0000040D 6A 20                           	PUSH	32
   422 0000040F 0F BF 05 00000FF4               	MOVSX	EAX,WORD [4084]
   423 00000416 50                              	PUSH	EAX
   424 00000417 FF 35 00000FF8                  	PUSH	DWORD [4088]
   425 0000041D E8 [00000000]                   	CALL	_putfonts8_asc
   426 00000422 8D 47 0F                        	LEA	EAX,DWORD [15+EDI]
   427 00000425 83 C4 34                        	ADD	ESP,52
   428 00000428 50                              	PUSH	EAX
   429 00000429 8B 85 FFFFFE10                  	MOV	EAX,DWORD [-496+EBP]
   430 0000042F 83 C0 0F                        	ADD	EAX,15
   431 00000432 50                              	PUSH	EAX
   432 00000433 57                              	PUSH	EDI
   433 00000434 FF B5 FFFFFE10                  	PUSH	DWORD [-496+EBP]
   434 0000043A 6A 0E                           	PUSH	14
   435 0000043C 0F BF 05 00000FF4               	MOVSX	EAX,WORD [4084]
   436 00000443 50                              	PUSH	EAX
   437 00000444 FF 35 00000FF8                  	PUSH	DWORD [4088]
   438 0000044A E8 [00000000]                   	CALL	_boxfill8
   439 0000044F 8B 85 FFFFFE18                  	MOV	EAX,DWORD [-488+EBP]
   440 00000455 03 BD FFFFFE1C                  	ADD	EDI,DWORD [-484+EBP]
   441 0000045B 83 C4 1C                        	ADD	ESP,28
   442 0000045E 01 85 FFFFFE10                  	ADD	DWORD [-496+EBP],EAX
   443 00000464 0F 88 000000B2                  	JS	L79
   444 0000046A                                 L73:
   445 0000046A 85 FF                           	TEST	EDI,EDI
   446 0000046C 0F 88 000000A3                  	JS	L80
   447 00000472                                 L74:
   448 00000472 0F BF 05 00000FF4               	MOVSX	EAX,WORD [4084]
   449 00000479 83 E8 10                        	SUB	EAX,16
   450 0000047C 39 85 FFFFFE10                  	CMP	DWORD [-496+EBP],EAX
   451 00000482 7E 06                           	JLE	L75
   452 00000484 89 85 FFFFFE10                  	MOV	DWORD [-496+EBP],EAX
   453 0000048A                                 L75:
   454 0000048A 0F BF 05 00000FF6               	MOVSX	EAX,WORD [4086]
   455 00000491 83 E8 10                        	SUB	EAX,16
   456 00000494 39 C7                           	CMP	EDI,EAX
   457 00000496 7E 02                           	JLE	L76
   458 00000498 89 C7                           	MOV	EDI,EAX
   459 0000049A                                 L76:
   460 0000049A 57                              	PUSH	EDI
   461 0000049B FF B5 FFFFFE10                  	PUSH	DWORD [-496+EBP]
   462 000004A1 68 [00000031]                   	PUSH	LC4
   463 000004A6 53                              	PUSH	EBX
   464 000004A7 E8 [00000000]                   	CALL	_sprintf
   465 000004AC 6A 0F                           	PUSH	15
   466 000004AE 6A 4F                           	PUSH	79
   467 000004B0 6A 00                           	PUSH	0
   468 000004B2 6A 00                           	PUSH	0
   469 000004B4 6A 0E                           	PUSH	14
   470 000004B6 0F BF 05 00000FF4               	MOVSX	EAX,WORD [4084]
   471 000004BD 50                              	PUSH	EAX
   472 000004BE FF 35 00000FF8                  	PUSH	DWORD [4088]
   473 000004C4 E8 [00000000]                   	CALL	_boxfill8
   474 000004C9 83 C4 2C                        	ADD	ESP,44
   475 000004CC 53                              	PUSH	EBX
   476 000004CD 6A 07                           	PUSH	7
   477 000004CF 6A 00                           	PUSH	0
   478 000004D1 6A 00                           	PUSH	0
   479 000004D3 0F BF 05 00000FF4               	MOVSX	EAX,WORD [4084]
   480 000004DA 50                              	PUSH	EAX
   481 000004DB FF 35 00000FF8                  	PUSH	DWORD [4088]
   482 000004E1 E8 [00000000]                   	CALL	_putfonts8_asc
   483 000004E6 8D 85 FFFFFEC4                  	LEA	EAX,DWORD [-316+EBP]
   484 000004EC 6A 10                           	PUSH	16
   485 000004EE 50                              	PUSH	EAX
   486 000004EF 57                              	PUSH	EDI
   487 000004F0 FF B5 FFFFFE10                  	PUSH	DWORD [-496+EBP]
   488 000004F6 6A 10                           	PUSH	16
   489 000004F8 6A 10                           	PUSH	16
   490 000004FA 0F BF 05 00000FF4               	MOVSX	EAX,WORD [4084]
   491 00000501 50                              	PUSH	EAX
   492 00000502 FF 35 00000FF8                  	PUSH	DWORD [4088]
   493 00000508 E8 [00000000]                   	CALL	_putblock8_8
   494 0000050D 83 C4 38                        	ADD	ESP,56
   495 00000510 E9 FFFFFE1F                     	JMP	L61
   496 00000515                                 L80:
   497 00000515 31 FF                           	XOR	EDI,EDI
   498 00000517 E9 FFFFFF56                     	JMP	L74
   499 0000051C                                 L79:
   500 0000051C C7 85 FFFFFE10 00000000         	MOV	DWORD [-496+EBP],0
   501 00000526 E9 FFFFFF3F                     	JMP	L73
   502 0000052B                                 L78:
   503 0000052B 68 [00000000]                   	PUSH	_keyfifo
   504 00000530 E8 [00000000]                   	CALL	_fifo8_get
   505 00000535 89 C3                           	MOV	EBX,EAX
   506 00000537 E8 [00000000]                   	CALL	_io_sti
   507 0000053C 53                              	PUSH	EBX
   508 0000053D 8D 5D C4                        	LEA	EBX,DWORD [-60+EBP]
   509 00000540 68 [0000003C]                   	PUSH	LC2
   510 00000545 53                              	PUSH	EBX
   511 00000546 E8 [00000000]                   	CALL	_sprintf
   512 0000054B 6A 1F                           	PUSH	31
   513 0000054D 6A 0F                           	PUSH	15
   514 0000054F 6A 10                           	PUSH	16
   515 00000551 6A 00                           	PUSH	0
   516 00000553 6A 0E                           	PUSH	14
   517 00000555 0F BF 05 00000FF4               	MOVSX	EAX,WORD [4084]
   518 0000055C 50                              	PUSH	EAX
   519 0000055D FF 35 00000FF8                  	PUSH	DWORD [4088]
   520 00000563 E8 [00000000]                   	CALL	_boxfill8
   521 00000568 83 C4 2C                        	ADD	ESP,44
   522 0000056B 53                              	PUSH	EBX
   523 0000056C 6A 07                           	PUSH	7
   524 0000056E 6A 10                           	PUSH	16
   525 00000570 6A 00                           	PUSH	0
   526 00000572 0F BF 05 00000FF4               	MOVSX	EAX,WORD [4084]
   527 00000579 50                              	PUSH	EAX
   528 0000057A FF 35 00000FF8                  	PUSH	DWORD [4088]
   529 00000580 E8 [00000000]                   	CALL	_putfonts8_asc
   530 00000585 83 C4 18                        	ADD	ESP,24
   531 00000588 E9 FFFFFDA7                     	JMP	L61
   532 0000058D                                 L77:
   533 0000058D E8 [00000000]                   	CALL	_io_stihlt
   534 00000592 E9 FFFFFD9D                     	JMP	L61
   535 00000597                                 	GLOBAL	_memtest
   536 00000597                                 _memtest:
   537 00000597 55                              	PUSH	EBP
   538 00000598 89 E5                           	MOV	EBP,ESP
   539 0000059A 56                              	PUSH	ESI
   540 0000059B 53                              	PUSH	EBX
   541 0000059C 31 F6                           	XOR	ESI,ESI
   542 0000059E E8 [00000000]                   	CALL	_io_load_eflags
   543 000005A3 0D 00040000                     	OR	EAX,262144
   544 000005A8 50                              	PUSH	EAX
   545 000005A9 E8 [00000000]                   	CALL	_io_store_eflags
   546 000005AE E8 [00000000]                   	CALL	_io_load_eflags
   547 000005B3 5A                              	POP	EDX
   548 000005B4 A9 00040000                     	TEST	EAX,262144
   549 000005B9 74 05                           	JE	L82
   550 000005BB BE 00000001                     	MOV	ESI,1
   551 000005C0                                 L82:
   552 000005C0 25 FFFBFFFF                     	AND	EAX,-262145
   553 000005C5 50                              	PUSH	EAX
   554 000005C6 E8 [00000000]                   	CALL	_io_store_eflags
   555 000005CB 89 F0                           	MOV	EAX,ESI
   556 000005CD 5B                              	POP	EBX
   557 000005CE 84 C0                           	TEST	AL,AL
   558 000005D0 75 31                           	JNE	L85
   559 000005D2                                 L83:
   560 000005D2 FF 75 0C                        	PUSH	DWORD [12+EBP]
   561 000005D5 FF 75 08                        	PUSH	DWORD [8+EBP]
   562 000005D8 E8 [00000000]                   	CALL	_memtest_sub
   563 000005DD 89 C3                           	MOV	EBX,EAX
   564 000005DF 58                              	POP	EAX
   565 000005E0 89 F0                           	MOV	EAX,ESI
   566 000005E2 5A                              	POP	EDX
   567 000005E3 84 C0                           	TEST	AL,AL
   568 000005E5 75 09                           	JNE	L86
   569 000005E7                                 L84:
   570 000005E7 8D 65 F8                        	LEA	ESP,DWORD [-8+EBP]
   571 000005EA 89 D8                           	MOV	EAX,EBX
   572 000005EC 5B                              	POP	EBX
   573 000005ED 5E                              	POP	ESI
   574 000005EE 5D                              	POP	EBP
   575 000005EF C3                              	RET
   576 000005F0                                 L86:
   577 000005F0 E8 [00000000]                   	CALL	_load_cr0
   578 000005F5 25 9FFFFFFF                     	AND	EAX,-1610612737
   579 000005FA 50                              	PUSH	EAX
   580 000005FB E8 [00000000]                   	CALL	_store_cr0
   581 00000600 58                              	POP	EAX
   582 00000601 EB E4                           	JMP	L84
   583 00000603                                 L85:
   584 00000603 E8 [00000000]                   	CALL	_load_cr0
   585 00000608 0D 60000000                     	OR	EAX,1610612736
   586 0000060D 50                              	PUSH	EAX
   587 0000060E E8 [00000000]                   	CALL	_store_cr0
   588 00000613 59                              	POP	ECX
   589 00000614 EB BC                           	JMP	L83
