     1 00000000                                 [FORMAT "WCOFF"]
     2 00000000                                 [INSTRSET "i486p"]
     3 00000000                                 [OPTIMIZE 1]
     4 00000000                                 [OPTION 1]
     5 00000000                                 [BITS 32]
     6 00000000                                 	EXTERN	_init_gdtidt
     7 00000000                                 	EXTERN	_init_palette
     8 00000000                                 	EXTERN	_init_screen8
     9 00000000                                 	EXTERN	_sprintf
    10 00000000                                 	EXTERN	_putfont8_asc
    11 00000000                                 	EXTERN	_init_mouse_cursor8
    12 00000000                                 	EXTERN	_putblock8_8
    13 00000000                                 	EXTERN	_io_hlt
    14 00000000                                 [FILE "bootpack.c"]
    15                                          [SECTION .data]
    16 00000000                                 LC0:
    17 00000000 73 63 72 6E 78 20 3D 20 25 64   	DB	"scrnx = %d",0x00
       0000000A 00 
    18                                          [SECTION .text]
    19 00000000                                 	GLOBAL	_HariMain
    20 00000000                                 _HariMain:
    21 00000000 55                              	PUSH	EBP
    22 00000001 89 E5                           	MOV	EBP,ESP
    23 00000003 57                              	PUSH	EDI
    24 00000004 56                              	PUSH	ESI
    25 00000005 53                              	PUSH	EBX
    26 00000006 8D 5D C4                        	LEA	EBX,DWORD [-60+EBP]
    27 00000009 81 EC 00000130                  	SUB	ESP,304
    28 0000000F E8 [00000000]                   	CALL	_init_gdtidt
    29 00000014 E8 [00000000]                   	CALL	_init_palette
    30 00000019 0F BF 05 00000FF6               	MOVSX	EAX,WORD [4086]
    31 00000020 50                              	PUSH	EAX
    32 00000021 0F BF 05 00000FF4               	MOVSX	EAX,WORD [4084]
    33 00000028 50                              	PUSH	EAX
    34 00000029 FF 35 00000FF8                  	PUSH	DWORD [4088]
    35 0000002F E8 [00000000]                   	CALL	_init_screen8
    36 00000034 0F BF 05 00000FF4               	MOVSX	EAX,WORD [4084]
    37 0000003B 50                              	PUSH	EAX
    38 0000003C 68 [00000000]                   	PUSH	LC0
    39 00000041 53                              	PUSH	EBX
    40 00000042 E8 [00000000]                   	CALL	_sprintf
    41 00000047 53                              	PUSH	EBX
    42 00000048 6A 07                           	PUSH	7
    43 0000004A 8D 9D FFFFFEC4                  	LEA	EBX,DWORD [-316+EBP]
    44 00000050 6A 40                           	PUSH	64
    45 00000052 6A 10                           	PUSH	16
    46 00000054 0F BF 05 00000FF4               	MOVSX	EAX,WORD [4084]
    47 0000005B 50                              	PUSH	EAX
    48 0000005C FF 35 00000FF8                  	PUSH	DWORD [4088]
    49 00000062 E8 [00000000]                   	CALL	_putfont8_asc
    50 00000067 83 C4 30                        	ADD	ESP,48
    51 0000006A 0F BF 05 00000FF4               	MOVSX	EAX,WORD [4084]
    52 00000071 B9 00000002                     	MOV	ECX,2
    53 00000076 8D 50 F0                        	LEA	EDX,DWORD [-16+EAX]
    54 00000079 89 D0                           	MOV	EAX,EDX
    55 0000007B 99                              	CDQ
    56 0000007C F7 F9                           	IDIV	ECX
    57 0000007E 0F BF 15 00000FF6               	MOVSX	EDX,WORD [4086]
    58 00000085 83 EA 2C                        	SUB	EDX,44
    59 00000088 89 C7                           	MOV	EDI,EAX
    60 0000008A 89 D0                           	MOV	EAX,EDX
    61 0000008C 6A 0E                           	PUSH	14
    62 0000008E 99                              	CDQ
    63 0000008F F7 F9                           	IDIV	ECX
    64 00000091 53                              	PUSH	EBX
    65 00000092 89 C6                           	MOV	ESI,EAX
    66 00000094 E8 [00000000]                   	CALL	_init_mouse_cursor8
    67 00000099 6A 10                           	PUSH	16
    68 0000009B 53                              	PUSH	EBX
    69 0000009C 56                              	PUSH	ESI
    70 0000009D 57                              	PUSH	EDI
    71 0000009E 6A 10                           	PUSH	16
    72 000000A0 6A 10                           	PUSH	16
    73 000000A2 0F BF 05 00000FF4               	MOVSX	EAX,WORD [4084]
    74 000000A9 50                              	PUSH	EAX
    75 000000AA FF 35 00000FF8                  	PUSH	DWORD [4088]
    76 000000B0 E8 [00000000]                   	CALL	_putblock8_8
    77 000000B5 83 C4 28                        	ADD	ESP,40
    78 000000B8                                 L2:
    79 000000B8 E8 [00000000]                   	CALL	_io_hlt
    80 000000BD EB F9                           	JMP	L2
