     1 00000000                                 ; naskfunc
     2 00000000                                 ; TAB=4
     3 00000000                                 
     4 00000000                                 [FORMAT "WCOFF"]	;制作目标文件的模式
     5 00000000                                 [INSTRSET "i486p"]
     6 00000000                                 [BITS 32]			;制作32位模式用的机械语言
     7 00000000                                 
     8 00000000                                 ;制作目标文件的信息
     9 00000000                                 
    10 00000000                                 [FILE "naskfunc.nas"]		;源文件名信息
    11 00000000                                 		GLOBAL _io_hlt,_write_mem8,_io_cli,_io_sti,_io_stihlt		;程序中包含的函数名
    12 00000000                                 		GLOBAL _io_in8,_io_in16,_io_in32
    13 00000000                                 		GLOBAL _io_out8,_io_out16,_io_out32
    14 00000000                                 		GLOBAL _io_load_eflags,_io_store_eflags
    15 00000000                                 		GLOBAL _load_gdtr, _load_idtr
    16 00000000                                 
    17 00000000                                 ;以下是实际的函数
    18 00000000                                 
    19                                          [SECTION .text]		;目标文件中写了这些之后再写程序
    20 00000000                                 
    21 00000000                                 _io_hlt:			;void io_hlt(void)
    22 00000000 F4                              		HLT
    23 00000001 C3                              		RET
    24 00000002                                 
    25 00000002                                 _write_mem8			;void write_mem8(int addr);
    26 00000002 8B 4C 24 04                     		MOV		ECX,[ESP+4]		;[ESP+4]中存放的是地址，将其读入ECX
    27 00000006 8A 44 24 08                     		MOV		AL,[ESP+8]		;[ESP+8]中存放的是数据，将其读入AL
    28 0000000A 88 01                           		MOV		[ECX],AL
    29 0000000C C3                              		RET
    30 0000000D                                 
    31 0000000D                                 _io_cli:			;void io_cli(void)
    32 0000000D FA                              		CLI
    33 0000000E C3                              		RET
    34 0000000F                                 
    35 0000000F                                 _io_sti:			;void io_sti(void)
    36 0000000F FB                              		STI
    37 00000010 C3                              		RET
    38 00000011                                 
    39 00000011                                 _io_stihlt:			;void io_stihlt(void)
    40 00000011 FB                              		STI
    41 00000012 F4                              		HLT
    42 00000013 C3                              		RET
    43 00000014                                 
    44 00000014                                 _io_in8:			;void io_in8(int port);
    45 00000014 8B 54 24 04                     		MOV		EDX,[ESP+4]
    46 00000018 B8 00000000                     		MOV		EAX,0
    47 0000001D EC                              		IN 		AL,DX
    48 0000001E C3                              		RET
    49 0000001F                                 
    50 0000001F                                 _io_in16:			;int io_in16(int port)
    51 0000001F 8B 54 24 04                     		MOV 	EDX,[ESP+4]
    52 00000023 B8 00000000                     		MOV		EAX,0
    53 00000028 66 ED                           		IN 		AX,DX
    54 0000002A C3                              		RET
    55 0000002B                                 
    56 0000002B                                 _io_in32:			;int io_in32(int port)
    57 0000002B 8B 54 24 04                     		MOV 	EDX,[ESP+4]
    58 0000002F B8 00000000                     		MOV		EAX,0
    59 00000034 ED                              		IN 		EAX,DX
    60 00000035 C3                              		RET
    61 00000036                                 
    62 00000036                                 _io_out8			;void io_out8(int port, int data);
    63 00000036 8B 54 24 04                     		MOV		EDX,[ESP+4]
    64 0000003A 8A 44 24 08                     		MOV		AL,[ESP+8]
    65 0000003E EE                              		OUT 	DX,AL
    66 0000003F C3                              		RET
    67 00000040                                 
    68 00000040                                 _io_out16			;void io_out16(int port, int data);
    69 00000040 8B 54 24 04                     		MOV		EDX,[ESP+4]
    70 00000044 8A 44 24 08                     		MOV		AL,[ESP+8]
    71 00000048 66 EF                           		OUT 	DX,AX
    72 0000004A C3                              		RET
    73 0000004B                                 
    74 0000004B                                 _io_out32			;void io_out32(int port, int data);
    75 0000004B 8B 54 24 04                     		MOV		EDX,[ESP+4]
    76 0000004F 8A 44 24 08                     		MOV		AL,[ESP+8]
    77 00000053 EF                              		OUT 	DX,EAX
    78 00000054 C3                              		RET
    79 00000055                                 
    80 00000055                                 _io_load_eflags			;int io_load_eflags(void);
    81 00000055 9C                              		PUSHFD			;指 PUSH EFLAGS
    82 00000056 58                              		POP		EAX
    83 00000057 C3                              		RET
    84 00000058                                 
    85 00000058                                 _io_store_eflags		;void io_store_eflags(int flags)
    86 00000058 8B 44 24 04                     		MOV		EAX,[ESP+4]
    87 0000005C 50                              		PUSH 	EAX
    88 0000005D 9D                              		POPFD	;指 POP EFLAGS
    89 0000005E C3                              		RET
    90 0000005F                                 
    91 0000005F                                 _load_gdtr:		; void load_gdtr(int limit, int addr);
    92 0000005F 66 8B 44 24 04                  		MOV		AX,[ESP+4]		; limit
    93 00000064 66 89 44 24 06                  		MOV		[ESP+6],AX
    94 00000069 0F 01 54 24 06                  		LGDT	[ESP+6]
    95 0000006E C3                              		RET
    96 0000006F                                 
    97 0000006F                                 _load_idtr:		; void load_idtr(int limit, int addr);
    98 0000006F 66 8B 44 24 04                  		MOV		AX,[ESP+4]		; limit
    99 00000074 66 89 44 24 06                  		MOV		[ESP+6],AX
   100 00000079 0F 01 5C 24 06                  		LIDT	[ESP+6]
   101 0000007E C3                              		RET